d:\informatique\pacman_ia_20\pacman_ia_20\pacman_ia_20\x64\debug\vc141.pdb
d:\informatique\pacman_ia_20\pacman_ia_20\pacman_ia_20\x64\debug\vc141.idb
d:\informatique\pacman_ia_20\pacman_ia_20\pacman_ia_20\x64\debug\mywindow.obj
d:\informatique\pacman_ia_20\pacman_ia_20\pacman_ia_20\x64\debug\menuscreen.obj
d:\informatique\pacman_ia_20\pacman_ia_20\pacman_ia_20\x64\debug\maincontroller.obj
d:\informatique\pacman_ia_20\pacman_ia_20\pacman_ia_20\x64\debug\main.obj
d:\informatique\pacman_ia_20\pacman_ia_20\pacman_ia_20\x64\debug\leftkeyhandler.obj
d:\informatique\pacman_ia_20\pacman_ia_20\pacman_ia_20\x64\debug\guihandler.obj
d:\informatique\pacman_ia_20\pacman_ia_20\pacman_ia_20\x64\debug\outilscarte.obj
d:\informatique\pacman_ia_20\pacman_ia_20\pacman_ia_20\x64\debug\infoastar.obj
d:\informatique\pacman_ia_20\pacman_ia_20\pacman_ia_20\x64\debug\gameworld.obj
d:\informatique\pacman_ia_20\pacman_ia_20\pacman_ia_20\x64\debug\gamescreen.obj
d:\informatique\pacman_ia_20\pacman_ia_20\pacman_ia_20\x64\debug\finjeuscreen.obj
d:\informatique\pacman_ia_20\pacman_ia_20\pacman_ia_20\x64\debug\fenetregraphesfml.obj
d:\informatique\pacman_ia_20\pacman_ia_20\pacman_ia_20\x64\debug\drawwithsfml.obj
d:\informatique\pacman_ia_20\pacman_ia_20\pacman_ia_20\x64\debug\deplacementfantomeniveau3.obj
d:\informatique\pacman_ia_20\pacman_ia_20\pacman_ia_20\x64\debug\deplacementfantomeniveau2.obj
d:\informatique\pacman_ia_20\pacman_ia_20\pacman_ia_20\x64\debug\deplacementfantomeniveau1.obj
d:\informatique\pacman_ia_20\pacman_ia_20\pacman_ia_20\x64\debug\configs.obj
d:\informatique\pacman_ia_20\pacman_ia_20\pacman_ia_20\x64\debug\bottomrightkeyhandler.obj
d:\informatique\pacman_ia_20\pacman_ia_20\pacman_ia_20\x64\debug\bottomleftkeyhandler.obj
d:\informatique\pacman_ia_20\pacman_ia_20\pacman_ia_20\x64\debug\bottomkeyhandler.obj
d:\informatique\pacman_ia_20\pacman_ia_20\pacman_ia_20\x64\debug\toprightkeyhandler.obj
d:\informatique\pacman_ia_20\pacman_ia_20\pacman_ia_20\x64\debug\topleftkeyhandler.obj
d:\informatique\pacman_ia_20\pacman_ia_20\pacman_ia_20\x64\debug\topkeyhandler.obj
d:\informatique\pacman_ia_20\pacman_ia_20\pacman_ia_20\x64\debug\tools.obj
d:\informatique\pacman_ia_20\pacman_ia_20\pacman_ia_20\x64\debug\texturefactory.obj
d:\informatique\pacman_ia_20\pacman_ia_20\pacman_ia_20\x64\debug\rightkeyhandler.obj
d:\informatique\pacman_ia_20\pacman_ia_20\pacman_ia_20\x64\debug\niveauscreen.obj
d:\informatique\pacman_ia_20\pacman_ia_20\x64\debug\pacman_ia_20.ilk
d:\informatique\pacman_ia_20\pacman_ia_20\x64\debug\pacman_ia_20.exe
d:\informatique\pacman_ia_20\pacman_ia_20\x64\debug\pacman_ia_20.pdb
d:\informatique\pacman_ia_20\pacman_ia_20\pacman_ia_20\x64\debug\pacman_ia_20.tlog\cl.command.1.tlog
d:\informatique\pacman_ia_20\pacman_ia_20\pacman_ia_20\x64\debug\pacman_ia_20.tlog\cl.read.1.tlog
d:\informatique\pacman_ia_20\pacman_ia_20\pacman_ia_20\x64\debug\pacman_ia_20.tlog\cl.write.1.tlog
d:\informatique\pacman_ia_20\pacman_ia_20\pacman_ia_20\x64\debug\pacman_ia_20.tlog\link.command.1.tlog
d:\informatique\pacman_ia_20\pacman_ia_20\pacman_ia_20\x64\debug\pacman_ia_20.tlog\link.read.1.tlog
d:\informatique\pacman_ia_20\pacman_ia_20\pacman_ia_20\x64\debug\pacman_ia_20.tlog\link.write.1.tlog
