NiveauScreen.obj : error LNK2001: symbole externe non résolu "public: void __thiscall sf::RenderTarget::draw(class sf::Drawable const &,class sf::RenderStates const &)" (?draw@RenderTarget@sf@@QAEXABVDrawable@2@ABVRenderStates@2@@Z)
DrawWithSFML.obj : error LNK2001: symbole externe non résolu "public: void __thiscall sf::RenderTarget::draw(class sf::Drawable const &,class sf::RenderStates const &)" (?draw@RenderTarget@sf@@QAEXABVDrawable@2@ABVRenderStates@2@@Z)
FenetreGrapheSFML.obj : error LNK2001: symbole externe non résolu "public: void __thiscall sf::RenderTarget::draw(class sf::Drawable const &,class sf::RenderStates const &)" (?draw@RenderTarget@sf@@QAEXABVDrawable@2@ABVRenderStates@2@@Z)
FinJeuScreen.obj : error LNK2001: symbole externe non résolu "public: void __thiscall sf::RenderTarget::draw(class sf::Drawable const &,class sf::RenderStates const &)" (?draw@RenderTarget@sf@@QAEXABVDrawable@2@ABVRenderStates@2@@Z)
GameScreen.obj : error LNK2001: symbole externe non résolu "public: void __thiscall sf::RenderTarget::draw(class sf::Drawable const &,class sf::RenderStates const &)" (?draw@RenderTarget@sf@@QAEXABVDrawable@2@ABVRenderStates@2@@Z)
DrawWithSFML.obj : error LNK2019: symbole externe non résolu "public: virtual __thiscall sf::Transformable::~Transformable(void)" (??1Transformable@sf@@UAE@XZ) référencé dans la fonction "public: virtual __thiscall sf::Sprite::~Sprite(void)" (??1Sprite@sf@@UAE@XZ)
FinJeuScreen.obj : error LNK2001: symbole externe non résolu "public: virtual __thiscall sf::Transformable::~Transformable(void)" (??1Transformable@sf@@UAE@XZ)
GameScreen.obj : error LNK2001: symbole externe non résolu "public: virtual __thiscall sf::Transformable::~Transformable(void)" (??1Transformable@sf@@UAE@XZ)
NiveauScreen.obj : error LNK2001: symbole externe non résolu "public: virtual __thiscall sf::Transformable::~Transformable(void)" (??1Transformable@sf@@UAE@XZ)
DrawWithSFML.obj : error LNK2019: symbole externe non résolu "public: void __thiscall sf::Transformable::setPosition(class sf::Vector2<float> const &)" (?setPosition@Transformable@sf@@QAEXABV?$Vector2@M@2@@Z) référencé dans la fonction "public: virtual void __thiscall DrawWithSFML::draw(class GameElement<class InfoSommet> *)const " (?draw@DrawWithSFML@@UBEXPAV?$GameElement@VInfoSommet@@@@@Z)
FenetreGrapheSFML.obj : error LNK2001: symbole externe non résolu "public: void __thiscall sf::Transformable::setPosition(class sf::Vector2<float> const &)" (?setPosition@Transformable@sf@@QAEXABV?$Vector2@M@2@@Z)
DrawWithSFML.obj : error LNK2019: symbole externe non résolu "public: __thiscall sf::Sprite::Sprite(void)" (??0Sprite@sf@@QAE@XZ) référencé dans la fonction "public: virtual void __thiscall DrawWithSFML::draw(class GameElement<class InfoSommet> *)const " (?draw@DrawWithSFML@@UBEXPAV?$GameElement@VInfoSommet@@@@@Z)
DrawWithSFML.obj : error LNK2019: symbole externe non résolu "public: void __thiscall sf::Sprite::setTexture(class sf::Texture const &,bool)" (?setTexture@Sprite@sf@@QAEXABVTexture@2@_N@Z) référencé dans la fonction "public: virtual void __thiscall DrawWithSFML::draw(class GameElement<class InfoSommet> *)const " (?draw@DrawWithSFML@@UBEXPAV?$GameElement@VInfoSommet@@@@@Z)
NiveauScreen.obj : error LNK2001: symbole externe non résolu "public: static class sf::RenderStates const sf::RenderStates::Default" (?Default@RenderStates@sf@@2V12@B)
DrawWithSFML.obj : error LNK2001: symbole externe non résolu "public: static class sf::RenderStates const sf::RenderStates::Default" (?Default@RenderStates@sf@@2V12@B)
FenetreGrapheSFML.obj : error LNK2001: symbole externe non résolu "public: static class sf::RenderStates const sf::RenderStates::Default" (?Default@RenderStates@sf@@2V12@B)
FinJeuScreen.obj : error LNK2001: symbole externe non résolu "public: static class sf::RenderStates const sf::RenderStates::Default" (?Default@RenderStates@sf@@2V12@B)
GameScreen.obj : error LNK2001: symbole externe non résolu "public: static class sf::RenderStates const sf::RenderStates::Default" (?Default@RenderStates@sf@@2V12@B)
FenetreGrapheSFML.obj : error LNK2019: symbole externe non résolu "public: __thiscall sf::Color::Color(unsigned int)" (??0Color@sf@@QAE@I@Z) référencé dans la fonction "bool __cdecl dessinePetitRond(class sf::RenderWindow &,class TransfoAffine2D const &,class VSommet const &,class sf::Font const &,class Vecteur2D const &)" (?dessinePetitRond@@YA_NAAVRenderWindow@sf@@ABVTransfoAffine2D@@ABVVSommet@@ABVFont@2@ABVVecteur2D@@@Z)
MyWindow.obj : error LNK2001: symbole externe non résolu "public: __thiscall sf::Color::Color(unsigned int)" (??0Color@sf@@QAE@I@Z)
FenetreGrapheSFML.obj : error LNK2019: symbole externe non résolu "public: virtual __thiscall sf::Shape::~Shape(void)" (??1Shape@sf@@UAE@XZ) référencé dans la fonction "public: virtual __thiscall sf::CircleShape::~CircleShape(void)" (??1CircleShape@sf@@UAE@XZ)
FenetreGrapheSFML.obj : error LNK2019: symbole externe non résolu "public: void __thiscall sf::Shape::setFillColor(class sf::Color const &)" (?setFillColor@Shape@sf@@QAEXABVColor@2@@Z) référencé dans la fonction "bool __cdecl dessinePetitRond(class sf::RenderWindow &,class TransfoAffine2D const &,class VSommet const &,class sf::Font const &,class Vecteur2D const &)" (?dessinePetitRond@@YA_NAAVRenderWindow@sf@@ABVTransfoAffine2D@@ABVVSommet@@ABVFont@2@ABVVecteur2D@@@Z)
FenetreGrapheSFML.obj : error LNK2019: symbole externe non résolu "public: void __thiscall sf::Shape::setOutlineColor(class sf::Color const &)" (?setOutlineColor@Shape@sf@@QAEXABVColor@2@@Z) référencé dans la fonction "bool __cdecl dessinePetitRond(class sf::RenderWindow &,class TransfoAffine2D const &,class VSommet const &,class sf::Font const &,class Vecteur2D const &)" (?dessinePetitRond@@YA_NAAVRenderWindow@sf@@ABVTransfoAffine2D@@ABVVSommet@@ABVFont@2@ABVVecteur2D@@@Z)
FenetreGrapheSFML.obj : error LNK2019: symbole externe non résolu "public: void __thiscall sf::Shape::setOutlineThickness(float)" (?setOutlineThickness@Shape@sf@@QAEXM@Z) référencé dans la fonction "bool __cdecl dessinePetitRond(class sf::RenderWindow &,class TransfoAffine2D const &,class VSommet const &,class sf::Font const &,class Vecteur2D const &)" (?dessinePetitRond@@YA_NAAVRenderWindow@sf@@ABVTransfoAffine2D@@ABVVSommet@@ABVFont@2@ABVVecteur2D@@@Z)
FenetreGrapheSFML.obj : error LNK2019: symbole externe non résolu "public: __thiscall sf::CircleShape::CircleShape(float,unsigned int)" (??0CircleShape@sf@@QAE@MI@Z) référencé dans la fonction "bool __cdecl dessinePetitRond(class sf::RenderWindow &,class TransfoAffine2D const &,class VSommet const &,class sf::Font const &,class Vecteur2D const &)" (?dessinePetitRond@@YA_NAAVRenderWindow@sf@@ABVTransfoAffine2D@@ABVVSommet@@ABVFont@2@ABVVecteur2D@@@Z)
FenetreGrapheSFML.obj : error LNK2019: symbole externe non résolu "public: __thiscall sf::ConvexShape::ConvexShape(unsigned int)" (??0ConvexShape@sf@@QAE@I@Z) référencé dans la fonction "bool __cdecl dessineSegment(class sf::RenderWindow &,class TransfoAffine2D const &,unsigned int,class Vecteur2D const &,class Vecteur2D const &,unsigned int)" (?dessineSegment@@YA_NAAVRenderWindow@sf@@ABVTransfoAffine2D@@IABVVecteur2D@@2I@Z)
FenetreGrapheSFML.obj : error LNK2019: symbole externe non résolu "public: void __thiscall sf::ConvexShape::setPoint(unsigned int,class sf::Vector2<float> const &)" (?setPoint@ConvexShape@sf@@QAEXIABV?$Vector2@M@2@@Z) référencé dans la fonction "bool __cdecl dessineSegment(class sf::RenderWindow &,class TransfoAffine2D const &,unsigned int,class Vecteur2D const &,class Vecteur2D const &,unsigned int)" (?dessineSegment@@YA_NAAVRenderWindow@sf@@ABVTransfoAffine2D@@IABVVecteur2D@@2I@Z)
FinJeuScreen.obj : error LNK2019: symbole externe non résolu "public: __thiscall sf::String::String(char const *,class std::locale const &)" (??0String@sf@@QAE@PBDABVlocale@std@@@Z) référencé dans la fonction "public: __thiscall FinJeuScreen::FinJeuScreen(void)" (??0FinJeuScreen@@QAE@XZ)
NiveauScreen.obj : error LNK2001: symbole externe non résolu "public: __thiscall sf::String::String(char const *,class std::locale const &)" (??0String@sf@@QAE@PBDABVlocale@std@@@Z)
FinJeuScreen.obj : error LNK2019: symbole externe non résolu "public: __thiscall sf::String::String(class sf::String const &)" (??0String@sf@@QAE@ABV01@@Z) référencé dans la fonction "public: __thiscall sf::Text::Text(class sf::Text const &)" (??0Text@sf@@QAE@ABV01@@Z)
GameScreen.obj : error LNK2001: symbole externe non résolu "public: __thiscall sf::String::String(class sf::String const &)" (??0String@sf@@QAE@ABV01@@Z)
NiveauScreen.obj : error LNK2001: symbole externe non résolu "public: __thiscall sf::String::String(class sf::String const &)" (??0String@sf@@QAE@ABV01@@Z)
FinJeuScreen.obj : error LNK2019: symbole externe non résolu "public: class sf::String & __thiscall sf::String::operator=(class sf::String const &)" (??4String@sf@@QAEAAV01@ABV01@@Z) référencé dans la fonction "public: class sf::Text & __thiscall sf::Text::operator=(class sf::Text &&)" (??4Text@sf@@QAEAAV01@$$QAV01@@Z)
GameScreen.obj : error LNK2001: symbole externe non résolu "public: class sf::String & __thiscall sf::String::operator=(class sf::String const &)" (??4String@sf@@QAEAAV01@ABV01@@Z)
NiveauScreen.obj : error LNK2001: symbole externe non résolu "public: class sf::String & __thiscall sf::String::operator=(class sf::String const &)" (??4String@sf@@QAEAAV01@ABV01@@Z)
FinJeuScreen.obj : error LNK2019: symbole externe non résolu "public: void __thiscall sf::Transformable::setPosition(float,float)" (?setPosition@Transformable@sf@@QAEXMM@Z) référencé dans la fonction "public: __thiscall FinJeuScreen::FinJeuScreen(void)" (??0FinJeuScreen@@QAE@XZ)
GameScreen.obj : error LNK2001: symbole externe non résolu "public: void __thiscall sf::Transformable::setPosition(float,float)" (?setPosition@Transformable@sf@@QAEXMM@Z)
NiveauScreen.obj : error LNK2001: symbole externe non résolu "public: void __thiscall sf::Transformable::setPosition(float,float)" (?setPosition@Transformable@sf@@QAEXMM@Z)
FinJeuScreen.obj : error LNK2001: symbole externe non résolu "private: virtual void __thiscall sf::VertexArray::draw(class sf::RenderTarget &,class sf::RenderStates)const " (?draw@VertexArray@sf@@EBEXAAVRenderTarget@2@VRenderStates@2@@Z)
GameScreen.obj : error LNK2001: symbole externe non résolu "private: virtual void __thiscall sf::VertexArray::draw(class sf::RenderTarget &,class sf::RenderStates)const " (?draw@VertexArray@sf@@EBEXAAVRenderTarget@2@VRenderStates@2@@Z)
NiveauScreen.obj : error LNK2001: symbole externe non résolu "private: virtual void __thiscall sf::VertexArray::draw(class sf::RenderTarget &,class sf::RenderStates)const " (?draw@VertexArray@sf@@EBEXAAVRenderTarget@2@VRenderStates@2@@Z)
FinJeuScreen.obj : error LNK2019: symbole externe non résolu "public: __thiscall sf::Text::Text(void)" (??0Text@sf@@QAE@XZ) référencé dans la fonction "public: __thiscall FinJeuScreen::FinJeuScreen(void)" (??0FinJeuScreen@@QAE@XZ)
GameScreen.obj : error LNK2001: symbole externe non résolu "public: __thiscall sf::Text::Text(void)" (??0Text@sf@@QAE@XZ)
NiveauScreen.obj : error LNK2001: symbole externe non résolu "public: __thiscall sf::Text::Text(void)" (??0Text@sf@@QAE@XZ)
FinJeuScreen.obj : error LNK2019: symbole externe non résolu "public: void __thiscall sf::Text::setString(class sf::String const &)" (?setString@Text@sf@@QAEXABVString@2@@Z) référencé dans la fonction "public: __thiscall FinJeuScreen::FinJeuScreen(void)" (??0FinJeuScreen@@QAE@XZ)
GameScreen.obj : error LNK2001: symbole externe non résolu "public: void __thiscall sf::Text::setString(class sf::String const &)" (?setString@Text@sf@@QAEXABVString@2@@Z)
NiveauScreen.obj : error LNK2001: symbole externe non résolu "public: void __thiscall sf::Text::setString(class sf::String const &)" (?setString@Text@sf@@QAEXABVString@2@@Z)
FinJeuScreen.obj : error LNK2019: symbole externe non résolu "public: void __thiscall sf::Text::setFont(class sf::Font const &)" (?setFont@Text@sf@@QAEXABVFont@2@@Z) référencé dans la fonction "public: __thiscall FinJeuScreen::FinJeuScreen(void)" (??0FinJeuScreen@@QAE@XZ)
GameScreen.obj : error LNK2001: symbole externe non résolu "public: void __thiscall sf::Text::setFont(class sf::Font const &)" (?setFont@Text@sf@@QAEXABVFont@2@@Z)
NiveauScreen.obj : error LNK2001: symbole externe non résolu "public: void __thiscall sf::Text::setFont(class sf::Font const &)" (?setFont@Text@sf@@QAEXABVFont@2@@Z)
FinJeuScreen.obj : error LNK2019: symbole externe non résolu "public: void __thiscall sf::Text::setCharacterSize(unsigned int)" (?setCharacterSize@Text@sf@@QAEXI@Z) référencé dans la fonction "public: __thiscall FinJeuScreen::FinJeuScreen(void)" (??0FinJeuScreen@@QAE@XZ)
GameScreen.obj : error LNK2001: symbole externe non résolu "public: void __thiscall sf::Text::setCharacterSize(unsigned int)" (?setCharacterSize@Text@sf@@QAEXI@Z)
NiveauScreen.obj : error LNK2001: symbole externe non résolu "public: void __thiscall sf::Text::setCharacterSize(unsigned int)" (?setCharacterSize@Text@sf@@QAEXI@Z)
FinJeuScreen.obj : error LNK2019: symbole externe non résolu "public: void __thiscall sf::Text::setFillColor(class sf::Color const &)" (?setFillColor@Text@sf@@QAEXABVColor@2@@Z) référencé dans la fonction "public: __thiscall FinJeuScreen::FinJeuScreen(void)" (??0FinJeuScreen@@QAE@XZ)
GameScreen.obj : error LNK2001: symbole externe non résolu "public: void __thiscall sf::Text::setFillColor(class sf::Color const &)" (?setFillColor@Text@sf@@QAEXABVColor@2@@Z)
NiveauScreen.obj : error LNK2001: symbole externe non résolu "public: void __thiscall sf::Text::setFillColor(class sf::Color const &)" (?setFillColor@Text@sf@@QAEXABVColor@2@@Z)
FinJeuScreen.obj : error LNK2001: symbole externe non résolu "private: virtual void __thiscall sf::Text::draw(class sf::RenderTarget &,class sf::RenderStates)const " (?draw@Text@sf@@EBEXAAVRenderTarget@2@VRenderStates@2@@Z)
GameScreen.obj : error LNK2001: symbole externe non résolu "private: virtual void __thiscall sf::Text::draw(class sf::RenderTarget &,class sf::RenderStates)const " (?draw@Text@sf@@EBEXAAVRenderTarget@2@VRenderStates@2@@Z)
NiveauScreen.obj : error LNK2001: symbole externe non résolu "private: virtual void __thiscall sf::Text::draw(class sf::RenderTarget &,class sf::RenderStates)const " (?draw@Text@sf@@EBEXAAVRenderTarget@2@VRenderStates@2@@Z)
FinJeuScreen.obj : error LNK2001: symbole externe non résolu "public: static class sf::Color const sf::Color::Black" (?Black@Color@sf@@2V12@B)
Main.obj : error LNK2001: symbole externe non résolu "public: static class sf::Color const sf::Color::Black" (?Black@Color@sf@@2V12@B)
FinJeuScreen.obj : error LNK2001: symbole externe non résolu "public: static class sf::Color const sf::Color::Red" (?Red@Color@sf@@2V12@B)
GameScreen.obj : error LNK2001: symbole externe non résolu "public: static class sf::Color const sf::Color::Red" (?Red@Color@sf@@2V12@B)
NiveauScreen.obj : error LNK2001: symbole externe non résolu "public: static class sf::Color const sf::Color::Red" (?Red@Color@sf@@2V12@B)
FinJeuScreen.obj : error LNK2001: symbole externe non résolu "public: static class sf::Color const sf::Color::Yellow" (?Yellow@Color@sf@@2V12@B)
GameScreen.obj : error LNK2019: symbole externe non résolu "public: int __thiscall sf::Time::asMilliseconds(void)const " (?asMilliseconds@Time@sf@@QBEHXZ) référencé dans la fonction "public: virtual void __thiscall GameScreen::render(class MyWindow *)" (?render@GameScreen@@UAEXPAVMyWindow@@@Z)
GameScreen.obj : error LNK2019: symbole externe non résolu "public: __thiscall sf::Clock::Clock(void)" (??0Clock@sf@@QAE@XZ) référencé dans la fonction "void __cdecl `dynamic initializer for 'ck''(void)" (??__Eck@@YAXXZ)
GameScreen.obj : error LNK2019: symbole externe non résolu "public: class sf::Time __thiscall sf::Clock::getElapsedTime(void)const " (?getElapsedTime@Clock@sf@@QBE?AVTime@2@XZ) référencé dans la fonction "public: virtual void __thiscall GameScreen::render(class MyWindow *)" (?render@GameScreen@@UAEXPAVMyWindow@@@Z)
GameScreen.obj : error LNK2019: symbole externe non résolu "public: class sf::Time __thiscall sf::Clock::restart(void)" (?restart@Clock@sf@@QAE?AVTime@2@XZ) référencé dans la fonction "public: virtual void __thiscall GameScreen::render(class MyWindow *)" (?render@GameScreen@@UAEXPAVMyWindow@@@Z)
GameScreen.obj : error LNK2019: symbole externe non résolu "public: __thiscall sf::String::String(class std::basic_string<char,struct std::char_traits<char>,class std::allocator<char> > const &,class std::locale const &)" (??0String@sf@@QAE@ABV?$basic_string@DU?$char_traits@D@std@@V?$allocator@D@2@@std@@ABVlocale@3@@Z) référencé dans la fonction "public: virtual void __thiscall GameScreen::render(class MyWindow *)" (?render@GameScreen@@UAEXPAVMyWindow@@@Z)
MyWindow.obj : error LNK2001: symbole externe non résolu "public: __thiscall sf::String::String(class std::basic_string<char,struct std::char_traits<char>,class std::allocator<char> > const &,class std::locale const &)" (??0String@sf@@QAE@ABV?$basic_string@DU?$char_traits@D@std@@V?$allocator@D@2@@std@@ABVlocale@3@@Z)
NiveauScreen.obj : error LNK2001: symbole externe non résolu "public: __thiscall sf::String::String(class std::basic_string<char,struct std::char_traits<char>,class std::allocator<char> > const &,class std::locale const &)" (??0String@sf@@QAE@ABV?$basic_string@DU?$char_traits@D@std@@V?$allocator@D@2@@std@@ABVlocale@3@@Z)
GameWorld.obj : error LNK2019: symbole externe non résolu "public: unsigned int __thiscall sf::Color::toInteger(void)const " (?toInteger@Color@sf@@QBEIXZ) référencé dans la fonction "public: void __thiscall GameWorld::initGraphVirtex(void)" (?initGraphVirtex@GameWorld@@QAEXXZ)
GameWorld.obj : error LNK2001: symbole externe non résolu "public: static class sf::Color const sf::Color::Magenta" (?Magenta@Color@sf@@2V12@B)
Main.obj : error LNK2019: symbole externe non résolu "public: void __thiscall sf::RenderTarget::clear(class sf::Color const &)" (?clear@RenderTarget@sf@@QAEXABVColor@2@@Z) référencé dans la fonction _main
MyWindow.obj : error LNK2001: symbole externe non résolu "public: void __thiscall sf::RenderTarget::clear(class sf::Color const &)" (?clear@RenderTarget@sf@@QAEXABVColor@2@@Z)
Main.obj : error LNK2019: symbole externe non résolu "public: bool __thiscall sf::Window::isOpen(void)const " (?isOpen@Window@sf@@QBE_NXZ) référencé dans la fonction _main
Main.obj : error LNK2019: symbole externe non résolu "public: bool __thiscall sf::Window::pollEvent(class sf::Event &)" (?pollEvent@Window@sf@@QAE_NAAVEvent@2@@Z) référencé dans la fonction _main
MyWindow.obj : error LNK2019: symbole externe non résolu "public: __thiscall sf::VideoMode::VideoMode(unsigned int,unsigned int,unsigned int)" (??0VideoMode@sf@@QAE@III@Z) référencé dans la fonction "public: __thiscall FenetreGrapheSFML::FenetreGrapheSFML(class std::basic_string<char,struct std::char_traits<char>,class std::allocator<char> > const &,unsigned int,class Vecteur2D const &,class Vecteur2D const &,int,int,class sf::Font const &)" (??0FenetreGrapheSFML@@QAE@ABV?$basic_string@DU?$char_traits@D@std@@V?$allocator@D@2@@std@@IABVVecteur2D@@1HHABVFont@sf@@@Z)
MyWindow.obj : error LNK2019: symbole externe non résolu "public: void __thiscall sf::Window::close(void)" (?close@Window@sf@@QAEXXZ) référencé dans la fonction "public: void __thiscall MyWindow::close(void)" (?close@MyWindow@@QAEXXZ)
MyWindow.obj : error LNK2019: symbole externe non résolu "public: void __thiscall sf::Window::display(void)" (?display@Window@sf@@QAEXXZ) référencé dans la fonction "public: void __thiscall MyWindow::display(void)" (?display@MyWindow@@QAEXXZ)
MyWindow.obj : error LNK2019: symbole externe non résolu "public: __thiscall sf::RenderWindow::RenderWindow(class sf::VideoMode,class sf::String const &,unsigned int,struct sf::ContextSettings const &)" (??0RenderWindow@sf@@QAE@VVideoMode@1@ABVString@1@IABUContextSettings@1@@Z) référencé dans la fonction "public: __thiscall FenetreGrapheSFML::FenetreGrapheSFML(class std::basic_string<char,struct std::char_traits<char>,class std::allocator<char> > const &,unsigned int,class Vecteur2D const &,class Vecteur2D const &,int,int,class sf::Font const &)" (??0FenetreGrapheSFML@@QAE@ABV?$basic_string@DU?$char_traits@D@std@@V?$allocator@D@2@@std@@IABVVecteur2D@@1HHABVFont@sf@@@Z)
MyWindow.obj : error LNK2019: symbole externe non résolu "public: virtual __thiscall sf::RenderWindow::~RenderWindow(void)" (??1RenderWindow@sf@@UAE@XZ) référencé dans la fonction __unwindfunclet$??0FenetreGrapheSFML@@QAE@ABV?$basic_string@DU?$char_traits@D@std@@V?$allocator@D@2@@std@@IABVVecteur2D@@1HHABVFont@sf@@@Z$2
MyWindow.obj : error LNK2019: symbole externe non résolu "public: __thiscall sf::Font::Font(void)" (??0Font@sf@@QAE@XZ) référencé dans la fonction "private: __thiscall MyWindow::MyWindow(void)" (??0MyWindow@@AAE@XZ)
MyWindow.obj : error LNK2019: symbole externe non résolu "public: __thiscall sf::Font::~Font(void)" (??1Font@sf@@QAE@XZ) référencé dans la fonction __unwindfunclet$??0MyWindow@@AAE@XZ$0
MyWindow.obj : error LNK2019: symbole externe non résolu "public: bool __thiscall sf::Font::loadFromFile(class std::basic_string<char,struct std::char_traits<char>,class std::allocator<char> > const &)" (?loadFromFile@Font@sf@@QAE_NABV?$basic_string@DU?$char_traits@D@std@@V?$allocator@D@2@@std@@@Z) référencé dans la fonction "public: class FenetreGrapheSFML * __thiscall MyWindow::getWindow(void)" (?getWindow@MyWindow@@QAEPAVFenetreGrapheSFML@@XZ)
TextureFactory.obj : error LNK2019: symbole externe non résolu "public: __thiscall sf::Texture::Texture(void)" (??0Texture@sf@@QAE@XZ) référencé dans la fonction "private: void __thiscall TextureFactory::loadResource(class std::basic_string<char,struct std::char_traits<char>,class std::allocator<char> >,class std::basic_string<char,struct std::char_traits<char>,class std::allocator<char> >)" (?loadResource@TextureFactory@@AAEXV?$basic_string@DU?$char_traits@D@std@@V?$allocator@D@2@@std@@0@Z)
TextureFactory.obj : error LNK2019: symbole externe non résolu "public: bool __thiscall sf::Texture::loadFromFile(class std::basic_string<char,struct std::char_traits<char>,class std::allocator<char> > const &,class sf::Rect<int> const &)" (?loadFromFile@Texture@sf@@QAE_NABV?$basic_string@DU?$char_traits@D@std@@V?$allocator@D@2@@std@@ABV?$Rect@H@2@@Z) référencé dans la fonction "private: void __thiscall TextureFactory::loadResource(class std::basic_string<char,struct std::char_traits<char>,class std::allocator<char> >,class std::basic_string<char,struct std::char_traits<char>,class std::allocator<char> >)" (?loadResource@TextureFactory@@AAEXV?$basic_string@DU?$char_traits@D@std@@V?$allocator@D@2@@std@@0@Z)
D:\Informatique\Pacman_IA_20\Pacman_IA_20\SFML\lib\sfml-graphics-d.lib : warning LNK4272: type d'ordinateur bibliothèque 'x64' en conflit avec le type d'ordinateur cible 'x86'
D:\Informatique\Pacman_IA_20\Pacman_IA_20\SFML\lib\sfml-window-d.lib : warning LNK4272: type d'ordinateur bibliothèque 'x64' en conflit avec le type d'ordinateur cible 'x86'
D:\Informatique\Pacman_IA_20\Pacman_IA_20\SFML\lib\sfml-system-d.lib : warning LNK4272: type d'ordinateur bibliothèque 'x64' en conflit avec le type d'ordinateur cible 'x86'
D:\Informatique\Pacman_IA_20\Pacman_IA_20\Debug\Pacman_IA_20.exe : fatal error LNK1120: 48 externes non résolus
