d:\informatique\pacman_ia_20\pacman_ia_20\pacman_ia_20\debug\vc141.pdb
d:\informatique\pacman_ia_20\pacman_ia_20\pacman_ia_20\debug\vc141.idb
d:\informatique\pacman_ia_20\pacman_ia_20\pacman_ia_20\debug\mywindow.obj
d:\informatique\pacman_ia_20\pacman_ia_20\pacman_ia_20\debug\menuscreen.obj
d:\informatique\pacman_ia_20\pacman_ia_20\pacman_ia_20\debug\maincontroller.obj
d:\informatique\pacman_ia_20\pacman_ia_20\pacman_ia_20\debug\main.obj
d:\informatique\pacman_ia_20\pacman_ia_20\pacman_ia_20\debug\leftkeyhandler.obj
d:\informatique\pacman_ia_20\pacman_ia_20\pacman_ia_20\debug\guihandler.obj
d:\informatique\pacman_ia_20\pacman_ia_20\pacman_ia_20\debug\outilscarte.obj
d:\informatique\pacman_ia_20\pacman_ia_20\pacman_ia_20\debug\infoastar.obj
d:\informatique\pacman_ia_20\pacman_ia_20\pacman_ia_20\debug\gameworld.obj
d:\informatique\pacman_ia_20\pacman_ia_20\pacman_ia_20\debug\gamescreen.obj
d:\informatique\pacman_ia_20\pacman_ia_20\pacman_ia_20\debug\finjeuscreen.obj
d:\informatique\pacman_ia_20\pacman_ia_20\pacman_ia_20\debug\fenetregraphesfml.obj
d:\informatique\pacman_ia_20\pacman_ia_20\pacman_ia_20\debug\drawwithsfml.obj
d:\informatique\pacman_ia_20\pacman_ia_20\pacman_ia_20\debug\deplacementfantomeniveau3.obj
d:\informatique\pacman_ia_20\pacman_ia_20\pacman_ia_20\debug\deplacementfantomeniveau2.obj
d:\informatique\pacman_ia_20\pacman_ia_20\pacman_ia_20\debug\configs.obj
d:\informatique\pacman_ia_20\pacman_ia_20\pacman_ia_20\debug\bottomrightkeyhandler.obj
d:\informatique\pacman_ia_20\pacman_ia_20\pacman_ia_20\debug\bottomleftkeyhandler.obj
d:\informatique\pacman_ia_20\pacman_ia_20\pacman_ia_20\debug\bottomkeyhandler.obj
d:\informatique\pacman_ia_20\pacman_ia_20\pacman_ia_20\debug\toprightkeyhandler.obj
d:\informatique\pacman_ia_20\pacman_ia_20\pacman_ia_20\debug\topleftkeyhandler.obj
d:\informatique\pacman_ia_20\pacman_ia_20\pacman_ia_20\debug\topkeyhandler.obj
d:\informatique\pacman_ia_20\pacman_ia_20\pacman_ia_20\debug\tools.obj
d:\informatique\pacman_ia_20\pacman_ia_20\pacman_ia_20\debug\texturefactory.obj
d:\informatique\pacman_ia_20\pacman_ia_20\pacman_ia_20\debug\rightkeyhandler.obj
d:\informatique\pacman_ia_20\pacman_ia_20\pacman_ia_20\debug\niveauscreen.obj
d:\informatique\pacman_ia_20\pacman_ia_20\pacman_ia_20\debug\deplacementfantomeniveau1.obj
d:\informatique\pacman_ia_20\pacman_ia_20\debug\pacman_ia_20.pdb
d:\informatique\pacman_ia_20\pacman_ia_20\pacman_ia_20\debug\pacman_ia_20.tlog\cl.command.1.tlog
d:\informatique\pacman_ia_20\pacman_ia_20\pacman_ia_20\debug\pacman_ia_20.tlog\cl.read.1.tlog
d:\informatique\pacman_ia_20\pacman_ia_20\pacman_ia_20\debug\pacman_ia_20.tlog\cl.write.1.tlog
d:\informatique\pacman_ia_20\pacman_ia_20\pacman_ia_20\debug\pacman_ia_20.tlog\link-cvtres.read.1.tlog
d:\informatique\pacman_ia_20\pacman_ia_20\pacman_ia_20\debug\pacman_ia_20.tlog\link-cvtres.write.1.tlog
d:\informatique\pacman_ia_20\pacman_ia_20\pacman_ia_20\debug\pacman_ia_20.tlog\link-rc.read.1.tlog
d:\informatique\pacman_ia_20\pacman_ia_20\pacman_ia_20\debug\pacman_ia_20.tlog\link-rc.write.1.tlog
d:\informatique\pacman_ia_20\pacman_ia_20\pacman_ia_20\debug\pacman_ia_20.tlog\link.command.1.tlog
d:\informatique\pacman_ia_20\pacman_ia_20\pacman_ia_20\debug\pacman_ia_20.tlog\link.read.1.tlog
d:\informatique\pacman_ia_20\pacman_ia_20\pacman_ia_20\debug\pacman_ia_20.tlog\link.write.1.tlog
